
ROM used:   1173/8192 (14%)
            1173/8192 (14%) including unused fragments

            1.0 Average locations per line
            9.5 Average locations per statement

RAM used:   12/368 (3%) at main() level
            37/368 (10%) worst case

Stack used: 6 worst case (6 in main + 0 for interrupts)
Stack size: 8

Lines Stmts  %   Files
----- ----- ---  -----
   76    23  19  prueba3.c
  671     0   0  ..\..\..\..\..\Program Files (x86)\PICC\Devices\16F877a.h
  456   100  81  ..\..\..\..\..\Program Files (x86)\PICC\Drivers\lcd.c
----- -----
 1203   123 Total

Page ROM  %  RAM   Vol Diff  Functions:
---- --- --- ---   --- ----  ----------
0     21   2    1             @delay_ms1
 Inline         3   760  4.5  lcd_read_byte
0     49   4    2   262  3.7  lcd_read_nibble
0     47   4    1   399  2.4  lcd_send_nibble
0     96   8    3   415  3.7  lcd_send_byte
0     70   6    6   852  6.2  lcd_init
0     18   2    4   208  6.3  lcd_gotoxy
0     44   4    1   354  4.7  lcd_putc
0     47   4    1   200  2.6  MAIN
0      6   1    0             @const663
0     88   8    4             @PSTRINGC7_645
0    253  22    2   356  4.0  mide_distancia
 Inline         5             @MUL1616
 Inline         2             @ITOF
0    117  10   13             @MULFF
0      8   1    0             @const674
 Inline         5             @PSTRINGCN7_645
 Inline         5             @FTOSD
0     79   7   13             @DIV3232
0    226  19   13             @PRINTF_L32D_645FPFPF
 Inline         0             @cinit1

Program metrics:
    Functions               9
    Statements              123
    Comments                234
    Volume (V)              5910
    Difficulty (D)          36.3
    Effort to implement (E) 214699
    Time to implement (T)   3 hours, 19 minutes
    Est Delivered Bugs (B)  1
    Cyclomatic Complexity   8
    Maintainability (MI)    145

 Segment     Used  Free
-----------  ----  ----
00000-00003     4  0  
00004-007FF  1169  875  
00800-00FFF     0  2048  
01000-017FF     0  2048  
01800-01FFF     0  2048  



